         w __deregister_frame_info
         w __register_frame_info
         w _ITM_deregisterTMCloneTable
         w _ITM_registerTMCloneTable
00000000 b .LANCHOR1
00000000 00000401 b __fixedpath
00000000 b _TLS_MODULE_BASE_
00000000 a shift
00000000 a shift
00000404 b .LANCHOR3
00000404 00000802 b __utf16path
00000c08 b .LANCHOR5
00000c08 00000802 b __utf16path_old.8577
00100000 A __start__
00100000 T _start
00100008 T __service_ptr
0010000c T __apt_appid
00100010 T __heap_size
00100014 T __linear_heap_size
00100018 T __system_arglist
0010001c T __system_runflags
00100020 t startup
00100058 t ClearMem
0010006c t ClrLoop
00100094 T _init
001000ac T initSystem
001000f0 T __ctru_exit
00100110 T __aeabi_idiv
00100110 00000220 T __divsi3
00100118 t .divsi3_skip_div0_test
00100330 00000020 T __aeabi_idivmod
00100350 00000004 W __aeabi_idiv0
00100350 00000004 W __aeabi_ldiv0
00100354 T __aeabi_drsub
0010035c 000002b0 T __aeabi_dsub
0010035c 000002b0 T __subdf3
00100360 000002ac T __adddf3
00100360 000002ac T __aeabi_dadd
0010060c 00000024 T __aeabi_ui2d
0010060c 00000024 T __floatunsidf
00100630 00000028 T __aeabi_i2d
00100630 00000028 T __floatsidf
00100658 00000048 T __aeabi_f2d
00100658 00000048 T __extendsfdf2
001006a0 00000074 T __aeabi_ul2d
001006a0 00000074 T __floatundidf
001006b4 00000060 T __aeabi_l2d
001006b4 00000060 T __floatdidf
00100714 T __aeabi_uldivmod
00100768 00000390 T strcmp
00100af0 t .udivsi3_skip_div0_test
00100af0 T __aeabi_uidiv
00100af0 000001ec T __udivsi3
00100cdc 00000020 T __aeabi_uidivmod
00100cfc t deregister_tm_clones
00100d28 t register_tm_clones
00100d60 t __do_global_dtors_aux
00100da4 t frame_dummy
00100dd8 00000030 T DrawPlayer
00100e08 00000030 T DrawBlock
00100e38 00000080 T CollideBlock
00100eb8 00000270 T main
00101128 0000032c T C2D_Init
00101454 00000048 T C2D_Fini
0010149c 000000c8 T C2D_Prepare
00101564 0000010c T C2D_SceneSize
00101670 00000044 T C2D_CreateScreenTarget
001016b4 00000030 T C2Di_FlushVtxBuf
001016e4 00000020 t C2Di_FrameEndHook
00101704 00000018 T C2D_Flush
0010171c 00000030 T C2D_TargetClear
0010174c 00000218 T C2Di_Update
00101964 000001c0 T C2D_DrawRectangle
00101b24 000000c4 t C3Di_SplitFrame.part.1
00101be8 00000004 W C3Di_LightEnvUpdate
00101bec 00000004 W C3Di_LightEnvDirty
00101bf0 000000ac t C3Di_AptEventHook
00101c9c 00000004 W C3Di_GasUpdate
00101ca0 0000021c T C3D_Init
00101ebc 00000098 T C3D_SetViewport
00101f54 0000050c T C3Di_UpdateContext
00102460 00000020 T C3Di_SplitFrame
00102480 00000064 T C3D_Fini
001024e4 00000114 T C3D_BindProgram
001025f8 00000054 t C3Di_RenderQueueInit
0010264c 00000080 t C3Di_RenderTargetDestroy
001026cc 000000ac t onVBlank1
00102778 0000013c t onVBlank0
001028b4 0000000c t C3Di_RenderTargetNew
001028c0 0000007c t C3Di_WaitAndClearQueue
0010293c 000000c0 t onQueueFinish
001029fc 00000044 t C3D_FrameSplit.part.6
00102a40 00000030 T C3D_FrameSync
00102a70 000000a0 T C3Di_RenderQueueExit
00102b10 00000020 T C3Di_RenderQueueWaitDone
00102b30 0000007c T C3D_FrameBegin
00102bac 00000048 T C3D_FrameDrawOn
00102bf4 00000018 T C3D_FrameSplit
00102c0c 00000164 T C3D_FrameEnd
00102d70 0000001c T C3D_FrameEndHook
00102d8c 0000017c T C3D_RenderTargetCreate
00102f08 0000004c T C3D_RenderTargetSetOutput
00102f54 00000048 T C3D_TexBind
00102f9c 00000174 T C3Di_SetTex
00103110 0000001c T C3D_CalcColorBufSize
0010312c 0000001c T C3D_CalcDepthBufSize
00103148 00000044 T C3D_SetFrameBuf
0010318c 00000168 T C3Di_FrameBufBind
001032f4 000000c8 T C3D_FrameBufClear
001033bc 00000048 T C3D_FrameBufTransfer
00103404 00000034 T C3D_GetTexEnv
00103438 00000024 T C3Di_TexEnvBind
0010345c 0000006c T C3D_ProcTexInit
001034c8 00000050 T C3D_ProcTexBind
00103518 00000060 T C3D_ProcTexLutBind
00103578 000000a4 T ProcTexLut_FromArray
0010361c 00000174 T C3Di_ProcTexUpdate
00103790 00000068 T C3Di_ProcTexDirty
001037f8 00000024 T BufInfo_Init
0010381c 00000084 T BufInfo_Add
001038a0 00000040 T C3D_SetBufInfo
001038e0 00000048 T C3Di_BufInfoBind
00103928 00000148 T C3D_DrawArrays
00103a70 00000040 T C3D_DepthMap
00103ab0 0000001c T C3D_CullFace
00103acc 00000040 T C3D_StencilTest
00103b0c 00000024 T C3D_StencilOp
00103b30 0000001c T C3D_BlendingColor
00103b4c 00000024 T C3D_EarlyDepthTest
00103b70 0000002c T C3D_DepthTest
00103b9c 0000002c T C3D_AlphaTest
00103bc8 00000050 T C3D_AlphaBlend
00103c18 00000030 T C3D_FragOpMode
00103c48 00000044 T C3D_FragOpShadow
00103c8c 000001ac T C3Di_EffectBind
00103e38 00000028 T AttrInfo_Init
00103e60 000000a0 T AttrInfo_AddLoader
00103f00 00000054 T C3D_SetAttrInfo
00103f54 00000080 T C3Di_AttrInfoBind
00103fd4 000000a4 T C3D_ImmSendAttrib
00104078 000002b8 T C3D_UpdateUniforms
00104330 000000c0 T C3Di_DirtyUniforms
001043f0 000000e0 T C3Di_LoadShaderUniforms
001044d0 00000028 T C3Di_ClearShaderUniforms
001044f8 000000cc T Mtx_Ortho
001045c4 000000cc T Mtx_OrthoTilt
00104690 00000024 t addrMapNodeComparator(rbtree_node const*, rbtree_node const*)
001046b4 00000004 t addrMapNodeDestructor(rbtree_node*)
001046b8 00000110 T vramMemAlign
001047c8 00000008 T vramAlloc
001047d0 00000050 T vramFree
00104820 00000024 t addrMapNodeComparator(rbtree_node const*, rbtree_node const*)
00104844 00000004 t addrMapNodeDestructor(rbtree_node*)
00104848 0000011c T linearMemAlign
00104964 00000008 T linearAlloc
0010496c 00000050 T linearFree
001049bc 00000090 T MemPool::CoalesceRight(MemBlock*)
00104a4c 00000174 T MemPool::Allocate(MemChunk&, unsigned long, int)
00104bc0 000000fc T MemPool::Deallocate(MemChunk const&)
00104cbc 00000058 t getSysTime
00104d14 00000028 t __ctru_speedup_config.part.0
00104d3c 0000004c T osConvertVirtToPhys
00104d88 00000024 T osGetMemRegionUsed
00104db0 00000128 T __libctru_gtod
00104ed8 00000018 T __ctru_speedup_config
00104ef0 000001b8 T consoleDrawChar
001050a8 00000124 T consolePrintChar
001051cc 00000164 t consoleCls
00105330 00000104 T consoleInit
00105434 00000114 t consoleClearLine
00105548 000000c4 t newRow
0010560c 000007b8 T con_write
00105dc4 0000008c t gfxSetFramebufferInfo.part.0
00105e50 0000006c t gfxSetFramebufferInfo
00105ebc 00000058 t gfxGetFramebuffer.part.1
00105f14 00000010 T gfxIs3D
00105f24 00000018 T __get_bytes_per_pixel
00105f3c 00000184 T gfxSetScreenFormat
001060c0 00000010 T gfxSetDoubleBuffering
001060d0 00000210 T gfxInit
001062e0 00000010 T gfxInitDefault
001062f0 000000e0 T gfxExit
001063d0 00000060 T gfxGetFramebuffer
00106430 000000cc T gfxFlushBuffers
001064fc 000000f8 T gfxConfigScreen
001065f4 00000020 T gfxSwapBuffersGpu
00106614 000001ec T shaderInstanceInit
00106800 00000034 T shaderInstanceFree
00106834 00000018 T shaderInstanceGetUniformLocation
0010684c 00000018 T shaderProgramInit
00106864 0000002c T shaderProgramFree
00106890 0000006c T shaderProgramSetVsh
001068fc 000008d4 T shaderProgramConfigure
001071d0 000001f8 t DVLE_GenerateOutmap.part.0
001073c8 000001cc T DVLB_ParseFile
00107594 00000038 T DVLB_Free
001075cc 00000078 T DVLE_GetUniformRegister
00107644 00000038 t submitGxCommand
0010767c 00000010 T GX_BindQueue
0010768c 00000050 T GX_ProcessCommandList
001076dc 00000054 T GX_MemoryFill
00107730 00000048 T GX_DisplayTransfer
00107778 00000074 t gxCmdQueueDoCommands.part.0
001077ec 000000c8 T gxCmdQueueInterrupt
001078b4 0000004c T gxCmdQueueClear
00107900 000000f8 T gxCmdQueueAdd
001079f8 00000080 T gxCmdQueueRun
00107a78 00000060 T gxCmdQueueStop
00107ad8 00000084 T gxCmdQueueWait
00107b5c 00000138 T GPUCMD_Add
00107c94 000000b0 T GPUCMD_Split
00107d44 00000034 T f32tof16
00107d78 00000034 T f32tof24
00107dac 00000038 T f32tof31
00107de4 00000074 T gspInit
00107e58 0000003c T gspExit
00107e94 00000034 T gspSetEventCallback
00107ec8 000000a0 T gspInitEventHandler
00107f68 00000040 T gspExitEventHandler
00107fa8 00000044 T gspWaitForEvent
00107fec 00000064 T gspWaitForAnyEvent
00108050 00000178 t gspEventThreadMain
001081c8 00000120 T gspSubmitGxCommand
001082e8 0000006c T GSPGPU_SetBufferSwap
00108354 0000004c T GSPGPU_FlushDataCache
001083a0 00000034 T GSPGPU_SetLcdForceBlack
001083d4 00000064 T GSPGPU_RegisterInterruptRelayQueue
00108438 0000002c T GSPGPU_UnregisterInterruptRelayQueue
00108464 00000048 T GSPGPU_AcquireRight
001084ac 0000002c T GSPGPU_ReleaseRight
001084d8 00000080 T GSPGPU_ImportDisplayCaptureInfo
00108558 0000002c T GSPGPU_SaveVramSysArea
00108584 0000002c T GSPGPU_RestoreVramSysArea
001085b0 00000004 W _aptDebug
001085b4 00000170 T aptSendCommand
00108724 0000003c t aptExitProcess
00108760 00000034 T aptHook
00108794 0000002c T aptUnhook
001087c0 0000004c T APT_InquireNotification
0010880c 00000198 t aptEventHandler
001089a4 00000074 T APT_AppletUtility
00108a18 000000b0 T aptSetSleepAllowed
00108ac8 000000b0 T APT_GlanceParameter
00108b78 000000c4 T APT_ReceiveParameter
00108c3c 000000bc t aptReceiveParameter.constprop.0
00108cf8 000001e0 t aptScreenTransfer
00108ed8 00000210 t aptWaitForWakeUp
001090e8 00000070 T APT_CancelParameter
00109158 0000025c T aptInit
001093b4 00000088 t aptClearParamQueue
0010943c 00000208 T aptMainLoop
00109648 0000023c T aptExit
00109884 0000007c T APT_CheckNew3DS
00109900 00000028 t hidCheckSectionUpdateTime.part.0
00109928 000000d0 T hidExit
001099f8 00000210 T hidScanInput
00109c08 00000010 T hidKeysDown
00109c18 00000010 T hidKeysUp
00109c28 00000090 T HIDUSER_GetHandles
00109cb8 000001a4 T hidInit
00109e5c 00000074 T ptmSysmInit
00109ed0 0000003c T ptmSysmExit
00109f0c 00000034 T PTMSYSM_ConfigureNew3DSCPU
00109f40 00000014 T rbtree_init
00109f54 0000018c t do_insert
0010a0e0 00000008 T rbtree_insert
0010a0e8 00000090 T rbtree_rotate
0010a178 00000330 T rbtree_remove
0010a4a8 00000074 T rbtree_find
0010a51c 00000038 W __libctru_init
0010a554 00000038 t __libctru_nanosleep
0010a58c 00000030 t __ctru_get_reent
0010a5bc 000000fc T __system_initSyscalls
0010a6b8 00000104 W __system_allocateHeaps
0010a7bc 000000f0 T __system_initArgv
0010a8ac T svcControlMemory
0010a8cc T svcExitProcess
0010a8d4 T svcCreateThread
0010a8f4 T svcExitThread
0010a8fc T svcSleepThread
0010a904 T svcReleaseMutex
0010a90c T svcCreateEvent
0010a920 T svcSignalEvent
0010a928 T svcClearEvent
0010a930 T svcMapMemoryBlock
0010a938 T svcUnmapMemoryBlock
0010a940 T svcCreateAddressArbiter
0010a954 T svcArbitrateAddress
0010a96c T svcCloseHandle
0010a974 T svcWaitSynchronization
0010a97c T svcWaitSynchronizationN
0010a9a4 T svcDuplicateHandle
0010a9b8 T svcGetSystemTick
0010a9c0 T svcGetSystemInfo
0010a9d8 T svcConnectToPort
0010a9ec T svcSendSyncRequest
0010a9f4 T svcBreak
0010a9fc 00000024 t addrMapNodeComparator(rbtree_node const*, rbtree_node const*)
0010aa20 00000004 t addrMapNodeDestructor(rbtree_node*)
0010aa24 000000e4 T mappableAlloc
0010ab08 00000050 T mappableFree
0010ab58 00000038 t LightLock_Unlock.part.1
0010ab90 0000000c T __sync_init
0010ab9c 00000018 T __sync_fini
0010abb4 00000010 T __sync_get_arbiter
0010abc4 00000018 T LightLock_Init
0010abdc 0000009c T LightLock_Lock
0010ac78 00000034 T LightLock_TryLock
0010acac 00000020 T LightLock_Unlock
0010accc 00000024 T RecursiveLock_Init
0010acf0 00000030 T RecursiveLock_Lock
0010ad20 00000058 T RecursiveLock_TryLock
0010ad78 00000038 T RecursiveLock_Unlock
0010adb0 00000038 T LightEvent_Init
0010ade8 0000007c T LightEvent_Clear
0010ae64 000000dc T LightEvent_Signal
0010af40 000000c0 T LightEvent_Wait
0010b000 00000058 T srvExit
0010b058 00000038 T srvRegisterClient
0010b090 000000c8 T srvInit
0010b158 00000080 T srvGetServiceHandleDirect
0010b1d8 00000038 T srvGetServiceHandle
0010b210 0000001c t threadFree.part.0
0010b22c 00000194 T threadCreate
0010b3c0 00000024 T threadJoin
0010b3e4 00000068 T threadExit
0010b44c 00000048 t _thread_begin
0010b494 000000ac T irrstScanInput
0010b540 00000024 T irrstKeysHeld
0010b564 00000050 T IRRST_GetHandles
0010b5b4 00000154 T irrstInit
0010b708 0000002c T IRRST_Shutdown
0010b734 000000ac T irrstExit
0010b7e0 0000000c T srvPmGetSessionHandle
0010b7ec 00000078 T rbtree_node_next
0010b864 0000001c W __appInit
0010b880 0000001c W __appExit
0010b89c 000000a0 W __libctru_exit
0010b93c 00000080 T envGetHandle
0010b9bc 0000004c T envDestroyHandles
0010ba08 00000010 t sdmc_link
0010ba18 00000010 t sdmc_dirreset
0010ba28 00000010 t sdmc_chmod
0010ba38 00000024 t error_cmp
0010ba5c 00000050 t sdmc_translate_error
0010baac 00000034 t sdmc_fsync
0010bae0 00000054 t sdmc_ftruncate
0010bb34 000000b8 t sdmc_statvfs
0010bbec 00000038 t sdmc_dirclose
0010bc24 0000012c t sdmc_dirnext
0010bd50 00000034 t sdmc_close
0010bd84 00000074 t sdmc_fstat
0010bdf8 000000d8 t sdmc_seek
0010bed0 00000084 t sdmc_read
0010bf54 000000c0 t sdmc_write
0010c014 000001b0 t sdmc_utf16path
0010c1c4 00000074 t sdmc_rmdir
0010c238 000000a4 t sdmc_diropen
0010c2dc 000000b0 t sdmc_chdir
0010c38c 00000094 t sdmc_mkdir
0010c420 00000108 t sdmc_rename
0010c528 00000074 t sdmc_unlink
0010c59c 00000108 t sdmc_stat
0010c6a4 00000198 t sdmc_open
0010c83c 00000010 t sdmc_fchmod
0010c84c 00000168 T sdmcInit
0010c9b4 00000060 T sdmcExit
0010ca14 00000028 t fsSessionForArchive.part.0
0010ca3c 000000c4 T fsInit
0010cb00 0000003c T fsExit
0010cb3c 00000064 T fsExemptFromSession
0010cba0 00000054 T fsUnexemptFromSession
0010cbf4 000000bc T FSUSER_OpenFile
0010ccb0 000000a4 T FSUSER_DeleteFile
0010cd54 000000dc T FSUSER_RenameFile
0010ce30 000000a4 T FSUSER_DeleteDirectory
0010ced4 000000bc T FSUSER_CreateFile
0010cf90 000000ac T FSUSER_CreateDirectory
0010d03c 000000dc T FSUSER_RenameDirectory
0010d118 000000a0 T FSUSER_OpenDirectory
0010d1b8 00000098 T FSUSER_OpenArchive
0010d250 00000070 T FSUSER_CloseArchive
0010d2c0 00000078 T FSUSER_GetSdmcArchiveResource
0010d338 00000064 T FSUSER_IsSdmcWritable
0010d39c 00000058 T FSFILE_Read
0010d3f4 00000064 T FSFILE_Write
0010d458 00000038 T FSFILE_GetSize
0010d490 00000028 T FSFILE_SetSize
0010d4b8 0000003c T FSFILE_Close
0010d4f4 00000024 T FSFILE_Flush
0010d518 00000054 T FSDIR_Read
0010d56c 0000003c T FSDIR_Close
0010d5a8 000000c0 T utf8_to_utf16
0010d668 00000138 T decode_utf8
0010d7a0 000000e8 T utf16_to_utf8
0010d888 T __aeabi_read_tp
0010d894 00000068 T encode_utf16
0010d8fc 00000104 T encode_utf8
0010da00 00000060 T decode_utf16
0010da60 0000002c T __aeabi_d2lz
0010da60 0000002c T __fixdfdi
0010da90 00000040 T __aeabi_d2ulz
0010da90 00000040 T __fixunsdfdi
0010dad0 00000128 T __udivmoddi4
0010dbf8 0000007c T bsearch
0010dc74 00000020 T calloc
0010dc94 00000094 T _calloc_r
0010dd28 00000040 T __libc_fini_array
0010dd68 0000007c T __libc_init_array
0010dde4 00000020 T memalign
0010de04 0000014c T _memalign_r
0010df50 00000018 T malloc
0010df68 00000018 T free
0010df80 000007d8 T _malloc_r
0010e758 00000100 T memchr
0010e858 00000118 T memcpy
0010e970 00000114 T memset
0010ea84 0000000c T __malloc_lock
0010ea90 0000000c T __malloc_unlock
0010ea9c 0000025c T setvbuf
0010ecf8 00000074 T sscanf
0010ed6c 0000003c T __sread
0010eda8 00000008 T __seofread
0010edb0 00000068 T __swrite
0010ee18 00000048 T __sseek
0010ee60 00000008 T __sclose
0010ee68 0000005c T strlen
0010eec4 00000098 T strncat
0010ef5c 000000e0 T strncpy
0010f03c 0000005c T strnlen
0010f098 00000048 t get_arg
0010f0e0 00002acc T __ssvfscanf_r
00111bac 00000054 T _wcrtomb_r
00111c00 00000020 T _wcsrtombs_r
00111c20 00000270 T __sflush_r
00111e90 00000094 T _fflush_r
00111f24 00000078 t std
00111f9c 0000000c T _cleanup_r
00111fa8 0000008c T __sinit
00112034 0000000c T __sfp_lock_acquire
00112040 0000000c T __sfp_lock_release
0011204c 000000f8 T _malloc_trim_r
00112144 000002e4 T _free_r
00112428 00000080 T _fwalk_reent
001124a8 00000008 T iswspace
001124b0 0000000c T _localeconv_r
001124bc 00000010 T __locale_mb_cur_max
001124cc 00000094 T __swhatbuf_r
00112560 00000060 T _mbrtowc_r
001125c0 000002fc T __utf8_mbtowc
001128bc 00000154 T memmove
00112a10 00000020 T realloc
00112a30 000004bc T _realloc_r
00112eec 000000cc T __sccl
00112fb8 0000000c T nanf
00112fc4 00000064 T sprintf
00113028 00000100 T stpncpy
00113128 00000180 T strchr
001132a8 0000010c T strncmp
001133b4 00000054 t sulp
00113408 000013c4 T _strtod_l
001147cc 0000000c T _strtod_r
001147d8 0000025c t _strtoll_l.isra.0
00114a34 00000004 T _strtoll_r
00114a38 000001bc t _strtol_l.isra.0
00114bf4 00000004 T _strtol_r
00114bf8 0000025c t _strtoull_l.isra.0
00114e54 00000004 T _strtoull_r
00114e58 000001d0 t _strtoul_l.isra.0
00115028 00000004 T _strtoul_r
0011502c 00000188 T __ssprint_r
001151b4 000000e4 T _sungetc_r
00115298 0000006c T __ssrefill_r
00115304 000000c8 T _sfread_r
001153cc 00000620 t get_arg
001159f0 000035c0 T _svfprintf_r
00118fb0 000000a4 T __submore
00119054 00000184 T _wcsnrtombs_l
001191d8 0000004c T _wcsnrtombs_r
00119224 000000e8 T __utf8_wctomb
0011930c 000001c8 t quorem
001194d8 000012ec T _dtoa_r
0011a7c4 00000160 T _fclose_r
0011a924 000000ec t rshift
0011aa10 00000828 T __gethex
0011b238 00000060 T __match
0011b298 00000254 T __hexnan
0011b4ec 0000003c T iswspace_l
0011b528 000001e0 t __jp2uc
0011b708 00000094 T _jp2uc_l
0011b79c 00000088 T _Balloc
0011b824 0000001c T _Bfree
0011b840 000000e0 T __multadd
0011b920 000000e4 T __s2b
0011ba04 00000058 T __hi0bits
0011ba5c 0000009c T __lo0bits
0011baf8 00000020 T __i2b
0011bb18 000001c4 T __multiply
0011bcdc 00000100 T __pow5mult
0011bddc 000000f4 T __lshift
0011bed0 0000005c T __mcmp
0011bf2c 00000168 T __mdiff
0011c094 00000074 T __ulp
0011c108 000000d4 T __b2d
0011c1dc 00000100 T __d2b
0011c2dc 00000084 T __ratio
0011c360 0000006c T __copybits
0011c3cc 00000078 T __any_on
0011c448 000000a8 T frexp
0011c4f0 00000010 T nan
0011c500 00000084 T category
0011c584 00000008 t null_write
0011c58c 00000018 T setDefaultDevice
0011c5a4 000000c8 T FindDevice
0011c66c 00000028 T RemoveDevice
0011c694 0000009c T AddDevice
0011c730 00000084 T _close_r
0011c7b4 00000074 T _fstat_r
0011c828 00000084 T _lseek_r
0011c8ac 00000080 T _read_r
0011c92c 00000070 T _sbrk_r
0011c99c 00000080 T _write_r
0011ca1c 000001cc T _concatenate_path
0011cbe8 0000015c T chdir
0011cd44 00000008 T __flockfile
0011cd4c 00000008 T __funlockfile
0011cd54 00000018 T __libc_lock_acquire
0011cd6c 00000018 T __libc_lock_release
0011cd84 00000018 T __libc_lock_init_recursive
0011cd9c 00000018 T __libc_lock_acquire_recursive
0011cdb4 00000018 T __libc_lock_release_recursive
0011cdcc 00000018 T __libc_lock_close_recursive
0011cde4 0000008c T __release_handle
0011ce70 00000018 T __get_handle
0011ce88 00000028 T __getreent
0011ceb0 00000044 T strrchr
0011cef4 T _fini
0011d000 R render2d_shbin
0011d18c R render2d_shbin_end
0011d18c R render2d_shbin_size
0011d190 R default_font_bin
0011d990 R default_font_bin_end
0011d990 R default_font_bin_size
0011d9b0 00000005 r colorFmtSizes
0011d9b8 00000004 r depthFmtSizes
0011d9bc 00000010 r CSWTCH.7
0011d9cc 00000030 r colorTable
0011da50 00000070 r dotab_stdout
0011dad0 00000014 r CSWTCH.56
0011dae4 00000008 r framebufferInfoSt
0011db44 00000030 r error_table
0011db94 00000022 r basefix.8784
0011dbb8 00000101 R _ctype_
0011dd14 00000014 r fpi.7554
0011dd28 00000014 r fpinan.7590
0011dd40 00000028 r tinytens
0011dd68 0000006c R __action_table
0011ddd4 00000100 R __chclass
0011ded4 0000006c R __state_table
0011df7c 00000010 r blanks.8740
0011df8c 00000010 r zeroes.8741
0011dfac r .LC2
0011dfb0 00000100 R __hexdig
0011e0c4 000000bc r a1
0011e180 000000bc r a2
0011e23c 0000005b r a3
0011e298 00000070 r a6
0011e308 000000a2 r a7
0011e3ac 00000040 r a8
0011e3ec 0000172a r b02cf
0011fb18 00001a7c r d02f4
00121594 0000000c R _C_numeric_locale
001215a0 00000028 R __mprec_bigtens
001215c8 000000c8 R __mprec_tens
00121690 0000000c r p05.7474
0012169c 0000309c r categories
00124740 00000070 R dotab_stdnull
001247b0 00000003 R DIRECTORY_PARENT
001247b4 r 
001247b4 R __exidx_end
001247b4 R __exidx_start
00125000 00000f00 D world
00125f00 W __stacksize__
00125f04 00000004 d framerate
00125f08 00000008 d framerateCounter
00125f10 00000004 D currentConsole
00125f14 0000004c D defaultConsole
00125f60 00000001 d firstConsoleInit.8423
00125f61 00000001 d botFormat
00125f64 00000008 d doubleBuf
00125f6c 00000001 d topFormat
00125f70 00000004 d queueLock
00125f74 00000004 d gspLastEvent
00125f78 00000004 d aptFlags
00125f7c 00000004 V __ctru_linear_heap_size
00125f80 00000401 d __cwd
00126384 00000070 d sdmc_devoptab
001263f4 00000004 D _impure_ptr
001263f8 00000460 d impure_data
00126858 00000408 D __malloc_av_
00126c60 00000004 D __malloc_sbrk_base
00126c64 00000004 D __malloc_trim_threshold
00126c68 0000000c d __malloc_recursive_mutex
00126c74 0000000c d __sfp_recursive_mutex
00126c80 0000000c d __sinit_recursive_mutex
00126c8c 0000016c D __global_locale
00126df8 00000002 d numempty
00126dfc 00000004 d defaultDevice
00126e00 0000008c D devoptab_list
00126e8c 00000400 d _current_working_directory
0012728c 00000004 d __hndl_lock
00127290 0000000c d __stderr_handle
0012729c 0000000c d __stdin_handle
001272a8 0000000c d __stdout_handle
001272b4 00001000 d handles
001282b4 t __frame_dummy_init_array_entry
001282b4 T __init_array_start
001282b4 B __preinit_array_end
001282b4 B __preinit_array_start
001282b4 D __tdata_lma
001282b4 D __tdata_lma_end
001282b4 D __TMC_END__
001282b4 d __TMC_LIST__
001282b8 t __do_global_dtors_aux_fini_array_entry
001282b8 T __fini_array_start
001282b8 T __init_array_end
001282bc T __bss_start__
001282bc T __fini_array_end
001282bc b saved_stack
001282c4 b completed.10351
001282c8 b object.10356
001282e0 00000040 b s_projBot
00128320 00000040 b s_projTop
00128360 00000004 b uLoc_mdlvMtx
00128364 00000004 b uLoc_projMtx
00128368 0000000c b hookCookie
00128378 00000010 b cpuTime
00128388 00000004 b firstTarget
0012838c 00000008 b frameCounter
00128394 00000004 b frameEndCb
00128398 00000004 b frameEndCbData
0012839c 00000001 b frameStage
001283a0 00000010 b gpuTime
001283b0 00000001 b inFrame
001283b1 00000001 b inSafeTransfer
001283b2 00000001 b initialized
001283b4 00000004 b lastTarget
001283b8 0000000c b linkedTarget
001283c4 00000001 b measureGpuTime
001283c8 000000c0 b C3Di_FVUnifEverDirty
00128488 00000008 b C3Di_IVUnifEverDirty
00128490 00000018 b C3Di_ShaderFVecData
001284a8 0000000c b sAddrMap
001284b4 00000008 b sVramPool
001284bc 00000008 b sLinearPool
001284c4 0000000c b sAddrMap
001284d0 00000001 V __ctru_speedup
001284d4 00000002 b currentBuffer
001284d6 00000001 b enable3d
001284d8 00000004 b screenAlloc
001284dc 00000004 b screenFree
001284e0 00000004 b boundQueue
001284e4 00000004 b curQueue
001284e8 00000001 b isActive
001284e9 00000001 b isRunning
001284ea 00000001 b shouldStop
001284ec 00000004 b gspEvent
001284f0 0000001c b gspEventCb
0012850c 0000001c b gspEventCbData
00128528 00000007 b gspEventCbOneShot
00128530 0000001c b gspEventCounts
0012854c 00000004 b gspEventData
00128550 00000004 b gspEventThread
00128554 00000038 b gspEvents
0012858c 00000004 b gspRefCount
00128590 00000001 b gspRunEvents
00128591 00000001 b aptChainloadMediatype
00128598 00000008 b aptChainloadTid
001285a0 00000004 b aptEventHandlerThread
001285a4 0000000c b aptEvents
001285b0 0000000c b aptFirstHook
001285bc 00000001 b aptHomeButtonState
001285c0 00000004 b aptLockHandle
001285c4 00000004 b aptMessageFunc
001285c8 00000004 b aptMessageFuncData
001285cc 00001000 b aptParameters
001295cc 00000004 b aptRefCount
001295d0 00000008 b aptSleepEvent
001295d8 00000001 b flagInit.8274
001295d9 00000001 b flagValue.8275
001295dc 00000004 b serviceName.7913
001295e0 00000006 b aVec
001295e8 00000004 b cPos
001295ec 00000006 b gRate
001295f4 00000004 b hidRefCount
001295f8 00000004 b kDown
001295fc 00000004 b kHeld
00129600 00000004 b kOld
00129604 00000004 b kUp
00129608 00000004 b tPos
0012960c 00000004 b ptmSysmHandle
00129610 00000004 b ptmSysmRefCount
00129614 00000004 V __ctru_heap_size
00129618 00000008 b sMappablePool
00129620 0000000c b sAddrMap
0012962c 00000004 b arbiter
00129630 00000004 b srvHandle
00129634 00000004 b srvRefCount
00129638 00000004 b csPos
0012963c 00000004 b irrstRefCount
00129640 00000004 b kHeld
00129644 00000004 b srvPmHandle
00129648 00000008 b sdmcArchive
00129650 00000001 b sdmcInitialised
00129658 00000080 b fsExemptArchives
001296d8 00000004 b fsuHandle
001296dc 00000004 b fsuRefCount
001296e0 00000028 B __malloc_current_mallinfo
00129708 00000004 B __malloc_max_sbrked_mem
0012970c 00000004 B __malloc_max_total_mem
00129710 00000004 B __malloc_top_pad
00129714 00000004 b heap_start.7414
00129718 00000004 B fake_heap_end
0012971c 00000004 B fake_heap_start
00129720 00000400 b temp_cwd
00129b20 00000048 B __syscalls
00129b68 00000020 B keys
00129b88 000005a0 B __C2Di_Context
0012a128 000002d0 B __C3D_Context
0012a3f8 00000020 B C3D_IVUnif
0012a418 000000c0 B C3D_FVUnifDirty
0012a4d8 00000002 B C3D_BoolUnifsDirty
0012a4dc 00000008 B C3D_IVUnifDirty
0012a4e4 00000004 B C3D_BoolUnifs
0012a4e8 00000c00 B C3D_FVUnif
0012b0e8 0000004c B currentCopy
0012b134 00000008 B gfxBottomFramebuffers
0012b13c 00000004 B gspSharedMemHandle
0012b140 0000001c B bottomFramebufferInfo
0012b15c 00000004 B gspEvent
0012b160 00000008 B gfxTopLeftFramebuffers
0012b168 00000008 B gfxTopRightFramebuffers
0012b170 0000001c B topFramebufferInfo
0012b18c 00000001 B gfxThreadID
0012b190 00000004 B gfxSharedMemory
0012b194 00000004 B gfxTopFramebufferMaxSize
0012b198 00000004 B gfxBottomFramebufferMaxSize
0012b19c 00000004 B gxCmdBuf
0012b1a0 00000004 B gpuCmdBuf
0012b1a4 00000004 B gpuCmdBufOffset
0012b1a8 00000004 B gpuCmdBufSize
0012b1ac 00000004 B gspGpuHandle
0012b1b0 00000004 B hidMemHandle
0012b1b4 00000004 B hidHandle
0012b1b8 00000004 B hidSharedMem
0012b1bc 00000014 B hidEvents
0012b1d0 00000004 B __system_retAddr
0012b1d4 00000004 B __ctru_linear_heap
0012b1d8 00000004 B __ctru_heap
0012b1dc 00000004 B __system_argv
0012b1e0 00000004 B __system_argc
0012b1e4 00000004 B irrstHandle
0012b1e8 00000004 B irrstEvent
0012b1ec 00000004 B irrstMemHandle
0012b1f0 00000004 B irrstSharedMem
0012b1f4 B __tls_start
0012c600 B __bss_end__
0012c600 A __end__
0012c600 B __tls_end
